<?xml version="1.0" encoding="UTF-8"?>
<!-- Generated by org.testng.reporters.JUnitReportReporter -->
<testsuite hostname="dbaacdecbccfaabacdcbccdbcaaeaa-0" failures="0" tests="3" name="ai.iamneo.testing.Testing_Selenium_TestNg.AppTest" time="2.870" errors="0" timestamp="2023-08-10T07:50:35 UTC" skipped="0">
  <testcase classname="ai.iamneo.testing.Testing_Selenium_TestNg.AppTest" name="testcase_1" time="1.918"/>
  <system-out/>
  <testcase classname="ai.iamneo.testing.Testing_Selenium_TestNg.AppTest" name="testcase_2" time="0.753"/>
  <system-out/>
  <testcase classname="ai.iamneo.testing.Testing_Selenium_TestNg.AppTest" name="testcase_3" time="0.199"/>
  <system-out/>
</testsuite> <!-- ai.iamneo.testing.Testing_Selenium_TestNg.AppTest -->
